2021-02-15 15:58:41 - INFO - "GET / HTTP/1.1" 200 1219
2021-02-15 15:58:41 - INFO - "GET / HTTP/1.1" 200 1219
2021-02-15 15:58:41 - INFO - "GET /static/style.css HTTP/1.1" 200 648
2021-02-15 15:58:41 - INFO - "GET /static/style.css HTTP/1.1" 200 648
2021-02-15 15:58:41 - INFO - "GET /favicon.ico HTTP/1.1" 200 1739
2021-02-15 15:58:49 - INFO - "GET /blog HTTP/1.1" 200 14
2021-02-15 16:01:38 - INFO - "GET / HTTP/1.1" 200 2618
2021-02-15 16:01:38 - INFO - "GET /static/style.css HTTP/1.1" 304 0
2021-02-15 16:01:38 - INFO - "GET /login HTTP/1.1" 200 3619
2021-02-15 16:01:38 - INFO - "GET /register HTTP/1.1" 200 3569
2021-02-15 16:01:38 - INFO - "GET / HTTP/1.1" 200 2618
2021-02-15 16:01:38 - INFO - "GET /register HTTP/1.1" 200 3569
2021-02-15 16:02:40 - INFO - "GET /register HTTP/1.1" 200 3569
2021-02-15 17:25:05 - INFO - "GET /register HTTP/1.1" 200 3569
2021-02-15 17:25:05 - INFO - "GET /favicon.ico HTTP/1.1" 200 1739
2021-02-15 17:25:05 - INFO - "POST /register HTTP/1.1" 302 15
2021-02-15 17:25:05 - INFO - "GET /register HTTP/1.1" 200 3855
2021-02-15 17:25:05 - INFO - "POST /register HTTP/1.1" 302 15
2021-02-15 17:25:05 - INFO - "GET /home HTTP/1.1" 200 2073
2021-02-15 17:31:45 - INFO - "GET /home HTTP/1.1" 200 2073
2021-02-15 17:31:45 - INFO - "GET /favicon.ico HTTP/1.1" 200 1739
2021-02-15 17:31:45 - INFO - "GET /logout HTTP/1.1" 302 15
2021-02-15 17:31:45 - INFO - "GET /login HTTP/1.1" 200 3619
2021-02-15 17:31:45 - INFO - "GET /register HTTP/1.1" 200 3569
2021-02-15 17:31:45 - INFO - "POST /register HTTP/1.1" 302 15
2021-02-15 17:31:45 - INFO - "GET /register HTTP/1.1" 200 4086
2021-02-15 17:31:45 - INFO - "POST /register HTTP/1.1" 302 15
2021-02-15 17:31:45 - INFO - "GET /home HTTP/1.1" 200 2073
2021-02-15 17:32:55 - INFO - "GET /logout HTTP/1.1" 302 15
2021-02-15 17:32:55 - INFO - "GET /login HTTP/1.1" 200 3619
2021-02-15 17:32:55 - INFO - "GET /register HTTP/1.1" 200 3569
2021-02-15 17:32:55 - INFO - "POST /register HTTP/1.1" 302 15
2021-02-15 17:32:55 - INFO - "GET /register HTTP/1.1" 200 3594
2021-02-15 17:33:43 - INFO - "GET /register HTTP/1.1" 200 3569
2021-02-15 17:33:43 - INFO - "POST /register HTTP/1.1" 302 15
2021-02-15 17:33:43 - INFO - "GET /home HTTP/1.1" 200 2086
